#
# A fatal error has been detected by the Java Runtime Environment:
#
#  SIGSEGV (0xb) at pc=0x00000001020783a0, pid=1656, tid=16643
#
# JRE version: Java(TM) SE Runtime Environment (7.0_75-b13) (build 1.7.0_75-b13)
# Java VM: Java HotSpot(TM) 64-Bit Server VM (24.75-b04 mixed mode bsd-amd64 compressed oops)
# Problematic frame:
# V  [libjvm.dylib+0x3383a0]  jvmti_IsMethodSynthetic+0xb9
#
# Failed to write core dump. Core dumps have been disabled. To enable core dumping, try "ulimit -c unlimited" before starting Java again
#
# If you would like to submit a bug report, please visit:
#   http://bugreport.sun.com/bugreport/crash.jsp
#

---------------  T H R E A D  ---------------

Current thread (0x00007fafb3824000):  JavaThread "JDWP Transport Listener: dt_socket" daemon [_thread_in_vm, id=16643, stack(0x000000010e30b000,0x000000010e40b000)]

siginfo:si_signo=SIGSEGV: si_errno=0, si_code=1 (SEGV_MAPERR), si_addr=0x0000000000000101

Registers:
RAX=0x0000000000000001, RBX=0x000000010e40aa8b, RCX=0x00000000000fc080, RDX=0x000000010e40aa8b
RSP=0x000000010e40a9f0, RBP=0x000000010e40aa40, RSI=0x00007fafb3824000, RDI=0x00007fafb1c02640
R8 =0x0000000000000000, R9 =0x00007fafb1d00000, R10=0x0000000000000010, R11=0x00007fafb1d00000
R12=0x00007fafb3824000, R13=0x0000000000000101, R14=0x0000000000000101, R15=0x00007fafb1c02640
RIP=0x00000001020783a0, EFLAGS=0x0000000000010202, ERR=0x0000000000000004
  TRAPNO=0x000000000000000e

Top of Stack: (sp=0x000000010e40a9f0)
0x000000010e40a9f0:   00007fafb3824000 0000000000000000
0x000000010e40aa00:   0000000000000000 0000000000000000
0x000000010e40aa10:   00007fafb3824000 00007fafb3824000
0x000000010e40aa20:   000000010e40aa8b 000000010e40aa90
0x000000010e40aa30:   0000000000000101 0000000000000006
0x000000010e40aa40:   000000010e40aa60 00000001031231a8
0x000000010e40aa50:   0000000000000001 000000010e40ab08
0x000000010e40aa60:   000000010e40aad0 0000000103107fbb
0x000000010e40aa70:   000000010e40aaa0 00007fafb1d2f780
0x000000010e40aa80:   0000000700000032 000000090040ab08
0x000000010e40aa90:   0000000000000000 0000000000000000
0x000000010e40aaa0:   0000000000000000 000000010e40ac90
0x000000010e40aab0:   000000010312adc2 00007fafb1c11590
0x000000010e40aac0:   000000010e40ab08 0000000103136588
0x000000010e40aad0:   000000010e40aae0 00000001031080b4
0x000000010e40aae0:   000000010e40ad00 0000000103111642
0x000000010e40aaf0:   0001261000000013 00000000000f0200
0x000000010e40ab00:   00007fafb1c12330 00007fafb1d2f907
0x000000010e40ab10:   00007faf00000241 00007fafb1d34150
0x000000010e40ab20:   00007faf0000012c 000000010e40ab58
0x000000010e40ab30:   00007fafb1d34150 00007f0000000000
0x000000010e40ab40:   000126100000000f 00007fff00005f80
0x000000010e40ab50:   000000010e40ab58 af7f000007000000
0x000000010e40ab60:   06000000e8d1f1b1 00003e74696e693c
0x000000010e40ab70:   0000005629280300 7f00000100000000
0x000000010e40ab80:   00000010d2f1b1af 507265626d756e0c
0x000000010e40ab90:   000000656c7a7a75 0000000056292803
0x000000010e40aba0:   af7f000009000000 0a000000e83ed3b1
0x000000010e40abb0:   65626d754e6d7573 4c28150000007372
0x000000010e40abc0:   6e616c2f6176616a 676e697274532f67
0x000000010e40abd0:   000000000049293b b1af7f00000a0000
0x000000010e40abe0:   690500000000d2f1 26000000746f4e73 

Instructions: (pc=0x00000001020783a0)
0x0000000102078380:   00 00 00 41 f6 87 68 01 00 00 10 75 07 b8 63 00
0x0000000102078390:   00 00 eb 7a 4d 85 f6 75 07 b8 17 00 00 00 eb 6e
0x00000001020783a0:   4d 8b 36 48 b8 fe fe fe fe fe fe fe fe 49 39 c6
0x00000001020783b0:   74 e7 4d 85 f6 74 e2 48 8d 05 e2 5e 4d 00 80 38 

Register to memory mapping:

RAX=0x0000000000000001 is an unknown value
RBX=0x000000010e40aa8b is pointing into the stack for thread: 0x00007fafb3824000
RCX=0x00000000000fc080 is an unknown value
RDX=0x000000010e40aa8b is pointing into the stack for thread: 0x00007fafb3824000
RSP=0x000000010e40a9f0 is pointing into the stack for thread: 0x00007fafb3824000
RBP=0x000000010e40aa40 is pointing into the stack for thread: 0x00007fafb3824000
RSI=0x00007fafb3824000 is a thread
RDI=0x00007fafb1c02640 is an unknown value
R8 =0x0000000000000000 is an unknown value
R9 =0x00007fafb1d00000 is an unknown value
R10=0x0000000000000010 is an unknown value
R11=0x00007fafb1d00000 is an unknown value
R12=0x00007fafb3824000 is a thread
R13=0x0000000000000101 is an unknown value
R14=0x0000000000000101 is an unknown value
R15=0x00007fafb1c02640 is an unknown value


Stack: [0x000000010e30b000,0x000000010e40b000],  sp=0x000000010e40a9f0,  free space=1022k
Native frames: (J=compiled Java code, j=interpreted, Vv=VM code, C=native code)
V  [libjvm.dylib+0x3383a0]  jvmti_IsMethodSynthetic+0xb9
C  [libjdwp.dylib+0x201a8]  isMethodSynthetic+0x63
C  [libjdwp.dylib+0x4fbb]  methods1+0x10b
C  [libjdwp.dylib+0x50b4]  methodsWithGeneric+0xe
C  [libjdwp.dylib+0xe642]  debugLoop_run+0x1ce
C  [libjdwp.dylib+0x1f0e2]  attachThread+0x4d
V  [libjvm.dylib+0x378fc2]  JvmtiAgentThread::call_start_function()+0x38
V  [libjvm.dylib+0x4f6cb9]  JavaThread::thread_main_inner()+0x9b
V  [libjvm.dylib+0x4f83c1]  JavaThread::run()+0x1a3
V  [libjvm.dylib+0x421762]  java_start(Thread*)+0x126
C  [libsystem_pthread.dylib+0x3268]  _pthread_body+0x83
C  [libsystem_pthread.dylib+0x31e5]  _pthread_body+0x0
C  [libsystem_pthread.dylib+0x141d]  thread_start+0xd


---------------  P R O C E S S  ---------------

Java Threads: ( => current thread )
  0x00007fafb281f800 JavaThread "Service Thread" daemon [_thread_blocked, id=19203, stack(0x000000010e81a000,0x000000010e91a000)]
  0x00007fafb281e800 JavaThread "C2 CompilerThread1" daemon [_thread_blocked, id=18691, stack(0x000000010e717000,0x000000010e817000)]
  0x00007fafb2819000 JavaThread "C2 CompilerThread0" daemon [_thread_blocked, id=18179, stack(0x000000010e614000,0x000000010e714000)]
  0x00007fafb3825800 JavaThread "JDWP Command Reader" daemon [_thread_in_native, id=17667, stack(0x000000010e511000,0x000000010e611000)]
  0x00007fafb3825000 JavaThread "JDWP Event Helper Thread" daemon [_thread_blocked, id=17155, stack(0x000000010e40e000,0x000000010e50e000)]
=>0x00007fafb3824000 JavaThread "JDWP Transport Listener: dt_socket" daemon [_thread_in_vm, id=16643, stack(0x000000010e30b000,0x000000010e40b000)]
  0x00007fafb380d000 JavaThread "Signal Dispatcher" daemon [_thread_blocked, id=13331, stack(0x000000010e202000,0x000000010e302000)]
  0x00007fafb280b000 JavaThread "Finalizer" daemon [_thread_blocked, id=11523, stack(0x000000010c8bc000,0x000000010c9bc000)]
  0x00007fafb3010800 JavaThread "Reference Handler" daemon [_thread_blocked, id=11011, stack(0x000000010c7b9000,0x000000010c8b9000)]
  0x00007fafb3001800 JavaThread "main" [_thread_blocked, id=4867, stack(0x0000000103001000,0x0000000103101000)]

Other Threads:
  0x00007fafb380a800 VMThread [stack: 0x000000010c6b6000,0x000000010c7b6000] [id=10499]
  0x00007fafb3012000 WatcherThread [stack: 0x000000010e91d000,0x000000010ea1d000] [id=19715]

VM state:not at safepoint (normal execution)

VM Mutex/Monitor currently owned by a thread: None

Heap
 PSYoungGen      total 38912K, used 2703K [0x00000007d5500000, 0x00000007d8000000, 0x0000000800000000)
  eden space 33792K, 8% used [0x00000007d5500000,0x00000007d57a3fa0,0x00000007d7600000)
  from space 5120K, 0% used [0x00000007d7b00000,0x00000007d7b00000,0x00000007d8000000)
  to   space 5120K, 0% used [0x00000007d7600000,0x00000007d7600000,0x00000007d7b00000)
 ParOldGen       total 87040K, used 0K [0x0000000780000000, 0x0000000785500000, 0x00000007d5500000)
  object space 87040K, 0% used [0x0000000780000000,0x0000000780000000,0x0000000785500000)
 PSPermGen       total 21504K, used 2829K [0x000000077ae00000, 0x000000077c300000, 0x0000000780000000)
  object space 21504K, 13% used [0x000000077ae00000,0x000000077b0c3668,0x000000077c300000)

Card table byte_map: [0x0000000106211000,0x000000010663b000] byte_map_base: 0x000000010263a000

Polling page: 0x00000001027f5000

Code Cache  [0x0000000103151000, 0x00000001033c1000, 0x0000000106151000)
 total_blobs=177 nmethods=5 adapters=135 free_code_cache=48766Kb largest_free_block=49921472

Compilation events (10 events):
Event: 0.152 Thread 0x00007fafb2819000    1             java.lang.String::indexOf (70 bytes)
Event: 0.161 Thread 0x00007fafb2819000 nmethod 1 0x00000001031af910 code [0x00000001031afa60, 0x00000001031afc48]
Event: 0.171 Thread 0x00007fafb281e800    2             java.lang.String::hashCode (55 bytes)
Event: 0.174 Thread 0x00007fafb281e800 nmethod 2 0x00000001031af150 code [0x00000001031af2a0, 0x00000001031af438]
Event: 0.181 Thread 0x00007fafb2819000    3             sun.nio.cs.UTF_8$Encoder::encode (361 bytes)
Event: 0.184 Thread 0x00007fafb281e800    4             java.lang.String::charAt (29 bytes)
Event: 0.185 Thread 0x00007fafb281e800 nmethod 4 0x00000001031aee10 code [0x00000001031aef60, 0x00000001031af058]
Event: 0.188 Thread 0x00007fafb281e800    5             java.io.UnixFileSystem::normalize (75 bytes)
Event: 0.192 Thread 0x00007fafb2819000 nmethod 3 0x00000001031b2790 code [0x00000001031b2920, 0x00000001031b3008]
Event: 0.195 Thread 0x00007fafb281e800 nmethod 5 0x00000001031b2150 code [0x00000001031b22c0, 0x00000001031b2598]

GC Heap History (0 events):
No events

Deoptimization events (0 events):
No events

Internal exceptions (10 events):
Event: 0.179 Thread 0x00007fafb3001800 Threw 0x00000007d55a75e0 at /HUDSON/workspace/7u-2-build-macosx-x86_64/jdk7u75/1940/hotspot/src/share/vm/prims/jni.cpp:717
Event: 0.179 Thread 0x00007fafb3001800 Threw 0x00000007d55a7700 at /HUDSON/workspace/7u-2-build-macosx-x86_64/jdk7u75/1940/hotspot/src/share/vm/prims/jvm.cpp:1281
Event: 0.179 Thread 0x00007fafb3001800 Threw 0x00000007d55a7828 at /HUDSON/workspace/7u-2-build-macosx-x86_64/jdk7u75/1940/hotspot/src/share/vm/prims/jvm.cpp:1281
Event: 0.180 Thread 0x00007fafb3001800 Threw 0x00000007d55a84c8 at /HUDSON/workspace/7u-2-build-macosx-x86_64/jdk7u75/1940/hotspot/src/share/vm/prims/jni.cpp:717
Event: 0.180 Thread 0x00007fafb3001800 Threw 0x00000007d55a85e8 at /HUDSON/workspace/7u-2-build-macosx-x86_64/jdk7u75/1940/hotspot/src/share/vm/prims/jvm.cpp:1281
Event: 0.180 Thread 0x00007fafb3001800 Threw 0x00000007d55a8710 at /HUDSON/workspace/7u-2-build-macosx-x86_64/jdk7u75/1940/hotspot/src/share/vm/prims/jvm.cpp:1281
Event: 0.182 Thread 0x00007fafb3001800 Threw 0x00000007d570bd70 at /HUDSON/workspace/7u-2-build-macosx-x86_64/jdk7u75/1940/hotspot/src/share/vm/prims/jni.cpp:717
Event: 0.182 Thread 0x00007fafb3001800 Threw 0x00000007d570be90 at /HUDSON/workspace/7u-2-build-macosx-x86_64/jdk7u75/1940/hotspot/src/share/vm/prims/jvm.cpp:1281
Event: 0.182 Thread 0x00007fafb3001800 Threw 0x00000007d570bfb8 at /HUDSON/workspace/7u-2-build-macosx-x86_64/jdk7u75/1940/hotspot/src/share/vm/prims/jvm.cpp:1281
Event: 0.182 Thread 0x00007fafb3001800 Threw 0x00000007d570c208 at /HUDSON/workspace/7u-2-build-macosx-x86_64/jdk7u75/1940/hotspot/src/share/vm/prims/jvm.cpp:1281

Events (10 events):
Event: 2143.000 Executing VM operation: ChangeBreakpoints
Event: 2143.000 Executing VM operation: ChangeBreakpoints done
Event: 2143.002 Executing VM operation: ChangeBreakpoints
Event: 2143.002 Executing VM operation: ChangeBreakpoints done
Event: 2768.701 Executing VM operation: ChangeBreakpoints
Event: 2768.701 Executing VM operation: ChangeBreakpoints done
Event: 3092.814 Executing VM operation: ChangeBreakpoints
Event: 3092.815 Executing VM operation: ChangeBreakpoints done
Event: 3128.276 Executing VM operation: RedefineClasses
Event: 3128.276 Executing VM operation: RedefineClasses done


Dynamic libraries:
0x00000000006e7000 	/System/Library/Frameworks/Cocoa.framework/Versions/A/Cocoa
0x00000000006e7000 	/System/Library/Frameworks/Security.framework/Versions/A/Security
0x00000000006e7000 	/System/Library/Frameworks/ApplicationServices.framework/Versions/A/ApplicationServices
0x00000000006e7000 	/usr/lib/libz.1.dylib
0x00000000006e7000 	/usr/lib/libSystem.B.dylib
0x00000000006e7000 	/usr/lib/libobjc.A.dylib
0x00000000006e7000 	/System/Library/Frameworks/CoreFoundation.framework/Versions/A/CoreFoundation
0x00000000006e7000 	/System/Library/Frameworks/Foundation.framework/Versions/C/Foundation
0x00000000006e7000 	/System/Library/Frameworks/AppKit.framework/Versions/C/AppKit
0x00000000006e7000 	/System/Library/Frameworks/CoreData.framework/Versions/A/CoreData
0x00000000006e7000 	/System/Library/PrivateFrameworks/RemoteViewServices.framework/Versions/A/RemoteViewServices
0x00000000006e7000 	/System/Library/PrivateFrameworks/UIFoundation.framework/Versions/A/UIFoundation
0x00000000006e7000 	/System/Library/Frameworks/IOSurface.framework/Versions/A/IOSurface
0x00000000006e7000 	/System/Library/Frameworks/AudioToolbox.framework/Versions/A/AudioToolbox
0x00000000006e7000 	/System/Library/Frameworks/AudioUnit.framework/Versions/A/AudioUnit
0x00000000006e7000 	/System/Library/PrivateFrameworks/DataDetectorsCore.framework/Versions/A/DataDetectorsCore
0x00000000006e7000 	/System/Library/PrivateFrameworks/DesktopServicesPriv.framework/Versions/A/DesktopServicesPriv
0x00000000006e7000 	/System/Library/Frameworks/Carbon.framework/Versions/A/Frameworks/HIToolbox.framework/Versions/A/HIToolbox
0x00000000006e7000 	/System/Library/Frameworks/QuartzCore.framework/Versions/A/QuartzCore
0x00000000006e7000 	/System/Library/Frameworks/Carbon.framework/Versions/A/Frameworks/SpeechRecognition.framework/Versions/A/SpeechRecognition
0x00000000006e7000 	/usr/lib/libauto.dylib
0x00000000006e7000 	/usr/lib/libicucore.A.dylib
0x00000000006e7000 	/usr/lib/libxml2.2.dylib
0x00000000006e7000 	/System/Library/PrivateFrameworks/CoreUI.framework/Versions/A/CoreUI
0x00000000006e7000 	/System/Library/Frameworks/CoreAudio.framework/Versions/A/CoreAudio
0x00000000006e7000 	/System/Library/Frameworks/DiskArbitration.framework/Versions/A/DiskArbitration
0x00000000006e7000 	/usr/lib/liblangid.dylib
0x00000000006e7000 	/System/Library/PrivateFrameworks/MultitouchSupport.framework/Versions/A/MultitouchSupport
0x00000000006e7000 	/System/Library/Frameworks/IOKit.framework/Versions/A/IOKit
0x00000000006e7000 	/usr/lib/libDiagnosticMessagesClient.dylib
0x00000000006e7000 	/System/Library/Frameworks/CoreServices.framework/Versions/A/CoreServices
0x00000000006e7000 	/System/Library/PrivateFrameworks/PerformanceAnalysis.framework/Versions/A/PerformanceAnalysis
0x00000000006e7000 	/System/Library/PrivateFrameworks/GenerationalStorage.framework/Versions/A/GenerationalStorage
0x00000000006e7000 	/System/Library/Frameworks/OpenGL.framework/Versions/A/OpenGL
0x00000000006e7000 	/System/Library/PrivateFrameworks/Sharing.framework/Versions/A/Sharing
0x00000000006e7000 	/System/Library/Frameworks/CoreGraphics.framework/Versions/A/CoreGraphics
0x00000000006e7000 	/System/Library/Frameworks/CoreText.framework/Versions/A/CoreText
0x00000000006e7000 	/System/Library/Frameworks/ImageIO.framework/Versions/A/ImageIO
0x00000000006e7000 	/usr/lib/libextension.dylib
0x00000000006e7000 	/System/Library/PrivateFrameworks/Backup.framework/Versions/A/Backup
0x00000000006e7000 	/usr/lib/libarchive.2.dylib
0x00000000006e7000 	/System/Library/Frameworks/CFNetwork.framework/Versions/A/CFNetwork
0x00000000006e7000 	/System/Library/Frameworks/SystemConfiguration.framework/Versions/A/SystemConfiguration
0x00000000006e7000 	/usr/lib/libCRFSuite.dylib
0x00000000006e7000 	/usr/lib/libc++.1.dylib
0x00000000006e7000 	/usr/lib/libc++abi.dylib
0x00000000006e7000 	/usr/lib/system/libcache.dylib
0x00000000006e7000 	/usr/lib/system/libcommonCrypto.dylib
0x00000000006e7000 	/usr/lib/system/libcompiler_rt.dylib
0x00000000006e7000 	/usr/lib/system/libcopyfile.dylib
0x00000000006e7000 	/usr/lib/system/libcorecrypto.dylib
0x00000000006e7000 	/usr/lib/system/libdispatch.dylib
0x00000000006e7000 	/usr/lib/system/libdyld.dylib
0x00000000006e7000 	/usr/lib/system/libkeymgr.dylib
0x00000000006e7000 	/usr/lib/system/liblaunch.dylib
0x00000000006e7000 	/usr/lib/system/libmacho.dylib
0x00000000006e7000 	/usr/lib/system/libquarantine.dylib
0x00000000006e7000 	/usr/lib/system/libremovefile.dylib
0x00000000006e7000 	/usr/lib/system/libsystem_asl.dylib
0x00000000006e7000 	/usr/lib/system/libsystem_blocks.dylib
0x00000000006e7000 	/usr/lib/system/libsystem_c.dylib
0x00000000006e7000 	/usr/lib/system/libsystem_configuration.dylib
0x00000000006e7000 	/usr/lib/system/libsystem_coreservices.dylib
0x00000000006e7000 	/usr/lib/system/libsystem_coretls.dylib
0x00000000006e7000 	/usr/lib/system/libsystem_dnssd.dylib
0x00000000006e7000 	/usr/lib/system/libsystem_info.dylib
0x00000000006e7000 	/usr/lib/system/libsystem_kernel.dylib
0x00000000006e7000 	/usr/lib/system/libsystem_m.dylib
0x00000000006e7000 	/usr/lib/system/libsystem_malloc.dylib
0x00000000006e7000 	/usr/lib/system/libsystem_network.dylib
0x00000000006e7000 	/usr/lib/system/libsystem_networkextension.dylib
0x00000000006e7000 	/usr/lib/system/libsystem_notify.dylib
0x00000000006e7000 	/usr/lib/system/libsystem_platform.dylib
0x00000000006e7000 	/usr/lib/system/libsystem_pthread.dylib
0x00000000006e7000 	/usr/lib/system/libsystem_sandbox.dylib
0x00000000006e7000 	/usr/lib/system/libsystem_secinit.dylib
0x00000000006e7000 	/usr/lib/system/libsystem_stats.dylib
0x00000000006e7000 	/usr/lib/system/libsystem_trace.dylib
0x00000000006e7000 	/usr/lib/system/libunc.dylib
0x00000000006e7000 	/usr/lib/system/libunwind.dylib
0x00000000006e7000 	/usr/lib/system/libxpc.dylib
0x00000000006e7000 	/usr/lib/libbz2.1.0.dylib
0x00000000006e7000 	/usr/lib/liblzma.5.dylib
0x00000000006e7000 	/usr/lib/libbsm.0.dylib
0x00000000006e7000 	/usr/lib/libsqlite3.dylib
0x00000000006e7000 	/usr/lib/system/libkxld.dylib
0x00000000006e7000 	/usr/lib/libxar.1.dylib
0x00000000006e7000 	/usr/lib/libpam.2.dylib
0x00000000006e7000 	/usr/lib/libOpenScriptingUtil.dylib
0x00000000006e7000 	/System/Library/Frameworks/CoreServices.framework/Versions/A/Frameworks/FSEvents.framework/Versions/A/FSEvents
0x00000000006e7000 	/System/Library/Frameworks/CoreServices.framework/Versions/A/Frameworks/CarbonCore.framework/Versions/A/CarbonCore
0x00000000006e7000 	/System/Library/Frameworks/CoreServices.framework/Versions/A/Frameworks/Metadata.framework/Versions/A/Metadata
0x00000000006e7000 	/System/Library/Frameworks/CoreServices.framework/Versions/A/Frameworks/OSServices.framework/Versions/A/OSServices
0x00000000006e7000 	/System/Library/Frameworks/CoreServices.framework/Versions/A/Frameworks/SearchKit.framework/Versions/A/SearchKit
0x00000000006e7000 	/System/Library/Frameworks/CoreServices.framework/Versions/A/Frameworks/AE.framework/Versions/A/AE
0x00000000006e7000 	/System/Library/Frameworks/CoreServices.framework/Versions/A/Frameworks/LaunchServices.framework/Versions/A/LaunchServices
0x00000000006e7000 	/System/Library/Frameworks/CoreServices.framework/Versions/A/Frameworks/DictionaryServices.framework/Versions/A/DictionaryServices
0x00000000006e7000 	/System/Library/Frameworks/NetFS.framework/Versions/A/NetFS
0x00000000006e7000 	/System/Library/PrivateFrameworks/NetAuth.framework/Versions/A/NetAuth
0x00000000006e7000 	/System/Library/PrivateFrameworks/login.framework/Versions/A/Frameworks/loginsupport.framework/Versions/A/loginsupport
0x00000000006e7000 	/System/Library/PrivateFrameworks/TCC.framework/Versions/A/TCC
0x00000000006e7000 	/usr/lib/libmecabra.dylib
0x00000000006e7000 	/System/Library/Frameworks/ApplicationServices.framework/Versions/A/Frameworks/ATS.framework/Versions/A/ATS
0x00000000006e7000 	/System/Library/Frameworks/ApplicationServices.framework/Versions/A/Frameworks/ColorSync.framework/Versions/A/ColorSync
0x00000000006e7000 	/System/Library/Frameworks/ApplicationServices.framework/Versions/A/Frameworks/HIServices.framework/Versions/A/HIServices
0x00000000006e7000 	/System/Library/Frameworks/ApplicationServices.framework/Versions/A/Frameworks/LangAnalysis.framework/Versions/A/LangAnalysis
0x00000000006e7000 	/System/Library/Frameworks/ApplicationServices.framework/Versions/A/Frameworks/PrintCore.framework/Versions/A/PrintCore
0x00000000006e7000 	/System/Library/Frameworks/ApplicationServices.framework/Versions/A/Frameworks/QD.framework/Versions/A/QD
0x00000000006e7000 	/System/Library/Frameworks/ApplicationServices.framework/Versions/A/Frameworks/SpeechSynthesis.framework/Versions/A/SpeechSynthesis
0x00000000006e7000 	/System/Library/Frameworks/Accelerate.framework/Versions/A/Accelerate
0x00000000006e7000 	/System/Library/Frameworks/Accelerate.framework/Versions/A/Frameworks/vImage.framework/Versions/A/vImage
0x00000000006e7000 	/System/Library/Frameworks/Accelerate.framework/Versions/A/Frameworks/vecLib.framework/Versions/A/vecLib
0x00000000006e7000 	/System/Library/Frameworks/Accelerate.framework/Versions/A/Frameworks/vecLib.framework/Versions/A/libvDSP.dylib
0x00000000006e7000 	/System/Library/Frameworks/Accelerate.framework/Versions/A/Frameworks/vecLib.framework/Versions/A/libvMisc.dylib
0x00000000006e7000 	/System/Library/Frameworks/Accelerate.framework/Versions/A/Frameworks/vecLib.framework/Versions/A/libLAPACK.dylib
0x00000000006e7000 	/System/Library/Frameworks/Accelerate.framework/Versions/A/Frameworks/vecLib.framework/Versions/A/libBLAS.dylib
0x00000000006e7000 	/System/Library/Frameworks/Accelerate.framework/Versions/A/Frameworks/vecLib.framework/Versions/A/libLinearAlgebra.dylib
0x00000000006e7000 	/System/Library/Frameworks/ApplicationServices.framework/Versions/A/Frameworks/ATS.framework/Versions/A/Resources/libFontParser.dylib
0x00000000006e7000 	/System/Library/Frameworks/ApplicationServices.framework/Versions/A/Frameworks/ATS.framework/Versions/A/Resources/libFontRegistry.dylib
0x00000000006e7000 	/System/Library/PrivateFrameworks/AppleVPA.framework/Versions/A/AppleVPA
0x00000000006e7000 	/System/Library/PrivateFrameworks/AppleJPEG.framework/Versions/A/AppleJPEG
0x00000000006e7000 	/System/Library/Frameworks/ImageIO.framework/Versions/A/Resources/libJPEG.dylib
0x00000000006e7000 	/System/Library/Frameworks/ImageIO.framework/Versions/A/Resources/libTIFF.dylib
0x00000000006e7000 	/System/Library/Frameworks/ImageIO.framework/Versions/A/Resources/libPng.dylib
0x00000000006e7000 	/System/Library/Frameworks/ImageIO.framework/Versions/A/Resources/libGIF.dylib
0x00000000006e7000 	/System/Library/Frameworks/ImageIO.framework/Versions/A/Resources/libJP2.dylib
0x00000000006e7000 	/System/Library/Frameworks/ImageIO.framework/Versions/A/Resources/libRadiance.dylib
0x00000000006e7000 	/System/Library/Frameworks/CoreVideo.framework/Versions/A/CoreVideo
0x00000000006e7000 	/System/Library/Frameworks/OpenGL.framework/Versions/A/Libraries/libGLU.dylib
0x00000000006e7000 	/System/Library/Frameworks/OpenGL.framework/Versions/A/Libraries/libGFXShared.dylib
0x00000000006e7000 	/System/Library/Frameworks/OpenGL.framework/Versions/A/Libraries/libGL.dylib
0x00000000006e7000 	/System/Library/Frameworks/OpenGL.framework/Versions/A/Libraries/libGLImage.dylib
0x00000000006e7000 	/System/Library/Frameworks/OpenGL.framework/Versions/A/Libraries/libCVMSPluginSupport.dylib
0x00000000006e7000 	/System/Library/Frameworks/OpenGL.framework/Versions/A/Libraries/libCoreVMClient.dylib
0x00000000006e7000 	/usr/lib/libcups.2.dylib
0x00000000006e7000 	/System/Library/Frameworks/Kerberos.framework/Versions/A/Kerberos
0x00000000006e7000 	/System/Library/Frameworks/GSS.framework/Versions/A/GSS
0x00000000006e7000 	/usr/lib/libresolv.9.dylib
0x00000000006e7000 	/usr/lib/libiconv.2.dylib
0x00000000006e7000 	/System/Library/PrivateFrameworks/Heimdal.framework/Versions/A/Heimdal
0x00000000006e7000 	/usr/lib/libheimdal-asn1.dylib
0x00000000006e7000 	/System/Library/Frameworks/OpenDirectory.framework/Versions/A/OpenDirectory
0x00000000006e7000 	/System/Library/PrivateFrameworks/CommonAuth.framework/Versions/A/CommonAuth
0x00000000006e7000 	/System/Library/Frameworks/OpenDirectory.framework/Versions/A/Frameworks/CFOpenDirectory.framework/Versions/A/CFOpenDirectory
0x00000000006e7000 	/System/Library/Frameworks/SecurityFoundation.framework/Versions/A/SecurityFoundation
0x00000000006e7000 	/System/Library/PrivateFrameworks/LanguageModeling.framework/Versions/A/LanguageModeling
0x00000000006e7000 	/usr/lib/libcmph.dylib
0x00000000006e7000 	/System/Library/Frameworks/ServiceManagement.framework/Versions/A/ServiceManagement
0x00000000006e7000 	/usr/lib/libxslt.1.dylib
0x00000000006e7000 	/System/Library/Frameworks/Carbon.framework/Versions/A/Frameworks/Ink.framework/Versions/A/Ink
0x00000000006e7000 	/System/Library/Frameworks/QuartzCore.framework/Versions/A/Frameworks/CoreImage.framework/Versions/A/CoreImage
0x00000000006e7000 	/System/Library/PrivateFrameworks/CrashReporterSupport.framework/Versions/A/CrashReporterSupport
0x00000000006e7000 	/System/Library/Frameworks/OpenCL.framework/Versions/A/OpenCL
0x00000000006e7000 	/System/Library/PrivateFrameworks/FaceCore.framework/Versions/A/FaceCore
0x00000000006e7000 	/System/Library/PrivateFrameworks/Ubiquity.framework/Versions/A/Ubiquity
0x00000000006e7000 	/System/Library/PrivateFrameworks/IconServices.framework/Versions/A/IconServices
0x00000000006e7000 	/System/Library/PrivateFrameworks/ChunkingLibrary.framework/Versions/A/ChunkingLibrary
0x00000000006e7000 	/System/Library/PrivateFrameworks/Apple80211.framework/Versions/A/Apple80211
0x00000000006e7000 	/System/Library/Frameworks/CoreWLAN.framework/Versions/A/CoreWLAN
0x00000000006e7000 	/System/Library/Frameworks/IOBluetooth.framework/Versions/A/IOBluetooth
0x00000000006e7000 	/System/Library/PrivateFrameworks/CoreWiFi.framework/Versions/A/CoreWiFi
0x00000000006e7000 	/System/Library/Frameworks/CoreBluetooth.framework/Versions/A/CoreBluetooth
0x00000000006e7000 	/System/Library/PrivateFrameworks/DebugSymbols.framework/Versions/A/DebugSymbols
0x00000000006e7000 	/System/Library/PrivateFrameworks/CoreSymbolication.framework/Versions/A/CoreSymbolication
0x00000000006e7000 	/System/Library/PrivateFrameworks/Symbolication.framework/Versions/A/Symbolication
0x00000000006e7000 	/System/Library/PrivateFrameworks/SpeechRecognitionCore.framework/Versions/A/SpeechRecognitionCore
0x0000000101d40000 	/Library/Java/JavaVirtualMachines/jdk1.7.0_75.jdk/Contents/Home/jre/lib/server/libjvm.dylib
0x00000000006e7000 	/usr/lib/libstdc++.6.dylib
0x00000001027b8000 	/Library/Java/JavaVirtualMachines/jdk1.7.0_75.jdk/Contents/Home/jre/lib/libverify.dylib
0x00000001027c5000 	/Library/Java/JavaVirtualMachines/jdk1.7.0_75.jdk/Contents/Home/jre/lib/libjava.dylib
0x0000000103103000 	/Library/Java/JavaVirtualMachines/jdk1.7.0_75.jdk/Contents/Home/jre/lib/libjdwp.dylib
0x00000001027f6000 	/Library/Java/JavaVirtualMachines/jdk1.7.0_75.jdk/Contents/Home/jre/lib/libnpt.dylib
0x0000000103148000 	/Library/Java/JavaVirtualMachines/jdk1.7.0_75.jdk/Contents/Home/jre/lib/libzip.dylib
0x000000010c9be000 	/System/Library/Frameworks/JavaVM.framework/Frameworks/JavaRuntimeSupport.framework/JavaRuntimeSupport
0x000000010c9d6000 	/System/Library/Frameworks/JavaVM.framework/Versions/A/Frameworks/JavaNativeFoundation.framework/Versions/A/JavaNativeFoundation
0x000000010c9eb000 	/System/Library/Frameworks/JavaVM.framework/Versions/A/JavaVM
0x00000000006e7000 	/System/Library/Frameworks/Carbon.framework/Versions/A/Carbon
0x000000010c9f8000 	/System/Library/PrivateFrameworks/JavaLaunching.framework/Versions/A/JavaLaunching
0x00000000006e7000 	/System/Library/Frameworks/Carbon.framework/Versions/A/Frameworks/CommonPanels.framework/Versions/A/CommonPanels
0x00000000006e7000 	/System/Library/Frameworks/Carbon.framework/Versions/A/Frameworks/Help.framework/Versions/A/Help
0x00000000006e7000 	/System/Library/Frameworks/Carbon.framework/Versions/A/Frameworks/ImageCapture.framework/Versions/A/ImageCapture
0x00000000006e7000 	/System/Library/Frameworks/Carbon.framework/Versions/A/Frameworks/OpenScripting.framework/Versions/A/OpenScripting
0x00000000006e7000 	/System/Library/Frameworks/Carbon.framework/Versions/A/Frameworks/Print.framework/Versions/A/Print
0x00000000006e7000 	/System/Library/Frameworks/Carbon.framework/Versions/A/Frameworks/SecurityHI.framework/Versions/A/SecurityHI
0x000000010e304000 	/Library/Java/JavaVirtualMachines/jdk1.7.0_75.jdk/Contents/Home/jre/lib/libdt_socket.dylib

VM Arguments:
jvm_args: -agentlib:jdwp=transport=dt_socket,address=127.0.0.1:55539,suspend=y,server=n -Dfile.encoding=UTF-8 
java_command: Loops
Launcher Type: SUN_STANDARD

Environment Variables:
PATH=/Users/July/.rvm/gems/ruby-2.2.1/bin:/Users/July/.rvm/gems/ruby-2.2.1@global/bin:/Users/July/.rvm/rubies/ruby-2.2.1/bin:/usr/local/bin:/Users/July/.bin:/usr/local/bin:/usr/bin:/bin:/usr/sbin:/sbin:/usr/local/git/bin:/Users/July/.rvm/bin
SHELL=/bin/zsh

Signal Handlers:
SIGSEGV: [libjvm.dylib+0x52d20d], sa_mask[0]=0xfffefeff, sa_flags=0x00000043
SIGBUS: [libjvm.dylib+0x52d20d], sa_mask[0]=0xfffefeff, sa_flags=0x00000042
SIGFPE: [libjvm.dylib+0x41ee7a], sa_mask[0]=0xfffefeff, sa_flags=0x00000042
SIGPIPE: [libjvm.dylib+0x41ee7a], sa_mask[0]=0xfffefeff, sa_flags=0x00000042
SIGXFSZ: [libjvm.dylib+0x41ee7a], sa_mask[0]=0xfffefeff, sa_flags=0x00000042
SIGILL: [libjvm.dylib+0x41ee7a], sa_mask[0]=0xfffefeff, sa_flags=0x00000042
SIGUSR1: SIG_DFL, sa_mask[0]=0x00000000, sa_flags=0x00000000
SIGUSR2: [libjvm.dylib+0x41e96c], sa_mask[0]=0x00000004, sa_flags=0x00000042
SIGHUP: [libjvm.dylib+0x41cbfd], sa_mask[0]=0xfffefeff, sa_flags=0x00000042
SIGINT: [libjvm.dylib+0x41cbfd], sa_mask[0]=0xfffefeff, sa_flags=0x00000042
SIGTERM: [libjvm.dylib+0x41cbfd], sa_mask[0]=0xfffefeff, sa_flags=0x00000042
SIGQUIT: [libjvm.dylib+0x41cbfd], sa_mask[0]=0xfffefeff, sa_flags=0x00000042


---------------  S Y S T E M  ---------------

OS:Bsduname:Darwin 14.1.0 Darwin Kernel Version 14.1.0: Mon Dec 22 23:10:38 PST 2014; root:xnu-2782.10.72~2/RELEASE_X86_64 x86_64
rlimit: STACK 8192k, CORE 0k, NPROC 709, NOFILE 10240, AS infinity
load average:9.10 11.92 12.46

CPU:total 4 (2 cores per cpu, 2 threads per core) family 6 model 58 stepping 9, cmov, cx8, fxsr, mmx, sse, sse2, sse3, ssse3, sse4.1, sse4.2, popcnt, avx, aes, erms, ht, tsc, tscinvbit, tscinv

Memory: 4k page, physical 8388608k(2097152k free)

/proc/meminfo:


vm_info: Java HotSpot(TM) 64-Bit Server VM (24.75-b04) for bsd-amd64 JRE (1.7.0_75-b13), built on Dec 18 2014 21:48:12 by "java_re" with gcc 4.2.1 (Based on Apple Inc. build 5658) (LLVM build 2336.11.00)

time: Sun Apr 19 14:58:02 2015
elapsed time: 3128 seconds

